Detecting C [-std=c11] compiler features failed to compile with the following output:
Change Dir: /home/wannabuh/Workspaces/C_Workspaces/cs488/learnOpenGL/build/2020-04-08:15:40/CMakeFiles/CMakeTmp

Run Build Command:"/usr/bin/make" "cmTC_8b748/fast"
/usr/bin/make -f CMakeFiles/cmTC_8b748.dir/build.make CMakeFiles/cmTC_8b748.dir/build
make[1]: Entering directory '/home/wannabuh/Workspaces/C_Workspaces/cs488/learnOpenGL/build/2020-04-08:15:40/CMakeFiles/CMakeTmp'
CMakeFiles/cmTC_8b748.dir/build.make:64: *** target pattern contains no '%'.  Stop.
make[1]: Leaving directory '/home/wannabuh/Workspaces/C_Workspaces/cs488/learnOpenGL/build/2020-04-08:15:40/CMakeFiles/CMakeTmp'
Makefile:121: recipe for target 'cmTC_8b748/fast' failed
make: *** [cmTC_8b748/fast] Error 2



Detecting CXX [-std=c++1z] compiler features failed to compile with the following output:
Change Dir: /home/wannabuh/Workspaces/C_Workspaces/cs488/learnOpenGL/build/2020-04-08:15:40/CMakeFiles/CMakeTmp

Run Build Command:"/usr/bin/make" "cmTC_50c42/fast"
/usr/bin/make -f CMakeFiles/cmTC_50c42.dir/build.make CMakeFiles/cmTC_50c42.dir/build
make[1]: Entering directory '/home/wannabuh/Workspaces/C_Workspaces/cs488/learnOpenGL/build/2020-04-08:15:40/CMakeFiles/CMakeTmp'
CMakeFiles/cmTC_50c42.dir/build.make:64: *** target pattern contains no '%'.  Stop.
make[1]: Leaving directory '/home/wannabuh/Workspaces/C_Workspaces/cs488/learnOpenGL/build/2020-04-08:15:40/CMakeFiles/CMakeTmp'
Makefile:121: recipe for target 'cmTC_50c42/fast' failed
make: *** [cmTC_50c42/fast] Error 2



