Detecting C [-std=c11] compiler features failed to compile with the following output:
Change Dir: /home/wannabuh/Workspaces/C_Workspaces/cs488/learnOpenGL/build/2020-04-08:16:00/CMakeFiles/CMakeTmp

Run Build Command:"/usr/bin/make" "cmTC_73c34/fast"
/usr/bin/make -f CMakeFiles/cmTC_73c34.dir/build.make CMakeFiles/cmTC_73c34.dir/build
make[1]: Entering directory '/home/wannabuh/Workspaces/C_Workspaces/cs488/learnOpenGL/build/2020-04-08:16:00/CMakeFiles/CMakeTmp'
CMakeFiles/cmTC_73c34.dir/build.make:64: *** target pattern contains no '%'.  Stop.
make[1]: Leaving directory '/home/wannabuh/Workspaces/C_Workspaces/cs488/learnOpenGL/build/2020-04-08:16:00/CMakeFiles/CMakeTmp'
Makefile:121: recipe for target 'cmTC_73c34/fast' failed
make: *** [cmTC_73c34/fast] Error 2



Detecting CXX [-std=c++1z] compiler features failed to compile with the following output:
Change Dir: /home/wannabuh/Workspaces/C_Workspaces/cs488/learnOpenGL/build/2020-04-08:16:00/CMakeFiles/CMakeTmp

Run Build Command:"/usr/bin/make" "cmTC_16593/fast"
/usr/bin/make -f CMakeFiles/cmTC_16593.dir/build.make CMakeFiles/cmTC_16593.dir/build
make[1]: Entering directory '/home/wannabuh/Workspaces/C_Workspaces/cs488/learnOpenGL/build/2020-04-08:16:00/CMakeFiles/CMakeTmp'
CMakeFiles/cmTC_16593.dir/build.make:64: *** target pattern contains no '%'.  Stop.
make[1]: Leaving directory '/home/wannabuh/Workspaces/C_Workspaces/cs488/learnOpenGL/build/2020-04-08:16:00/CMakeFiles/CMakeTmp'
Makefile:121: recipe for target 'cmTC_16593/fast' failed
make: *** [cmTC_16593/fast] Error 2



